<?xml version="1.0" encoding="UTF-8"?>
<!-- Generated by org.testng.reporters.JUnitReportReporter -->
<testsuite skipped="0" hostname="ArunKumars-MacBook-Pro-3.local" name="com.tests.LoginRunner" tests="3" failures="0" timestamp="09 Sep 2019 04:22:31 GMT" time="9.976" errors="0">
  <testcase name="login" time="3.365" classname="com.tests.LoginRunner"/>
  <testcase name="verifyPage" time="0.016" classname="com.tests.LoginRunner"/>
  <testcase name="verifyUser" time="6.595" classname="com.tests.LoginRunner"/>
</testsuite> <!-- com.tests.LoginRunner -->
